<?xml version="1.0" encoding="UTF-8"?>
<!-- Generated by org.testng.reporters.JUnitXMLReporter -->
<testsuite ignored="18" hostname="Sasidhars-Air" failures="0" tests="6" name="Test" time="71.446" errors="0" timestamp="2022-06-06T22:24:36 PDT">
  <testcase classname="com.mystore.testcases.LoginPageTest" name="loginTest" time="9.784"/>
  <testcase classname="com.mystore.testcases.IndexPageTest" name="verifyLogo" time="0.274"/>
  <testcase classname="com.mystore.testcases.IndexPageTest" name="verifyTitle" time="0.036"/>
  <testcase classname="com.mystore.testcases.SearchResultPageTest" name="productAviabilityTest" time="3.086"/>
  <testcase classname="com.mystore.testcases.HomePageTest" name="orderHistoryDetailsTest" time="6.519"/>
  <testcase classname="com.mystore.testcases.HomePageTest" name="wishListTest" time="5.401"/>
  <testcase classname="com.mystore.base.BaseClass" name="@BeforeSuite loadConfig" time="0.0">
    <ignored/>
  </testcase> <!-- @BeforeSuite loadConfig -->
  <testcase classname="com.mystore.base.BaseClass" name="@BeforeSuite loadConfig" time="0.0">
    <ignored/>
  </testcase> <!-- @BeforeSuite loadConfig -->
  <testcase classname="com.mystore.base.BaseClass" name="@BeforeSuite loadConfig" time="0.0">
    <ignored/>
  </testcase> <!-- @BeforeSuite loadConfig -->
  <testcase classname="com.mystore.base.BaseClass" name="@BeforeSuite loadConfig" time="0.0">
    <ignored/>
  </testcase> <!-- @BeforeSuite loadConfig -->
  <testcase classname="com.mystore.base.BaseClass" name="@BeforeSuite loadConfig" time="0.0">
    <ignored/>
  </testcase> <!-- @BeforeSuite loadConfig -->
  <testcase classname="com.mystore.base.BaseClass" name="@BeforeSuite loadConfig" time="0.0">
    <ignored/>
  </testcase> <!-- @BeforeSuite loadConfig -->
  <testcase classname="com.mystore.base.BaseClass" name="@BeforeSuite loadConfig" time="0.0">
    <ignored/>
  </testcase> <!-- @BeforeSuite loadConfig -->
  <testcase classname="com.mystore.testcases.AddtoCartPageTest" name="addToCartPageTest" time="0.0">
    <ignored/>
  </testcase> <!-- addToCartPageTest -->
  <testcase classname="com.mystore.testcases.OrderPageTest" name="addToCartPageTest" time="0.0">
    <ignored/>
  </testcase> <!-- addToCartPageTest -->
  <testcase classname="com.mystore.base.BaseClass" name="@AfterSuite afterSuite" time="0.0">
    <ignored/>
  </testcase> <!-- @AfterSuite afterSuite -->
  <testcase classname="com.mystore.base.BaseClass" name="@AfterSuite afterSuite" time="0.0">
    <ignored/>
  </testcase> <!-- @AfterSuite afterSuite -->
  <testcase classname="com.mystore.base.BaseClass" name="@AfterSuite afterSuite" time="0.0">
    <ignored/>
  </testcase> <!-- @AfterSuite afterSuite -->
  <testcase classname="com.mystore.base.BaseClass" name="@AfterSuite afterSuite" time="0.0">
    <ignored/>
  </testcase> <!-- @AfterSuite afterSuite -->
  <testcase classname="com.mystore.base.BaseClass" name="@AfterSuite afterSuite" time="0.0">
    <ignored/>
  </testcase> <!-- @AfterSuite afterSuite -->
  <testcase classname="com.mystore.base.BaseClass" name="@AfterSuite afterSuite" time="0.0">
    <ignored/>
  </testcase> <!-- @AfterSuite afterSuite -->
  <testcase classname="com.mystore.base.BaseClass" name="@AfterSuite afterSuite" time="0.0">
    <ignored/>
  </testcase> <!-- @AfterSuite afterSuite -->
  <testcase classname="com.mystore.testcases.EndTOEndTest" name="endtoendTest" time="0.0">
    <ignored/>
  </testcase> <!-- endtoendTest -->
  <testcase classname="com.mystore.testcases.AccountCreationPageTest" name="CreateAccountPageTest" time="0.0">
    <ignored/>
  </testcase> <!-- CreateAccountPageTest -->
</testsuite> <!-- Test -->
